Traceback (most recent call last):
  File "/usr/local/lib/python3.10/dist-packages/jupyter_cache/executors/utils.py", line 58, in single_nb_execution
    executenb(
  File "/usr/local/lib/python3.10/dist-packages/nbclient/client.py", line 1314, in execute
    return NotebookClient(nb=nb, resources=resources, km=km, **kwargs).execute()
  File "/usr/local/lib/python3.10/dist-packages/jupyter_core/utils/__init__.py", line 165, in wrapped
    return loop.run_until_complete(inner)
  File "/usr/lib/python3.10/asyncio/base_events.py", line 649, in run_until_complete
    return future.result()
  File "/usr/local/lib/python3.10/dist-packages/nbclient/client.py", line 709, in async_execute
    await self.async_execute_cell(
  File "/usr/local/lib/python3.10/dist-packages/nbclient/client.py", line 1062, in async_execute_cell
    await self._check_raise_for_error(cell, cell_index, exec_reply)
  File "/usr/local/lib/python3.10/dist-packages/nbclient/client.py", line 918, in _check_raise_for_error
    raise CellExecutionError.from_cell_and_msg(cell, exec_reply_content)
nbclient.exceptions.CellExecutionError: An error occurred while executing the following cell:
------------------
# Perkalian
E = A@B
F = B@A

print("a \n",A)
print("b\n", B)
print("Matrix E adalah hasil perkalian dari Matrix A dan B \n", E.arrow)
print("Matrix F adalah hasil perkalian dari Matrix B dan C \n", F)
print("-"*30)
# Perkalian Lainnya
print(A@(B@C))

print((A@B)@C)
print("-"*30)
print(7*(A@B))
print((7*A)@B)
print(A@(7*B))
print("-"*30)
------------------

----- stdout -----
a 
 [[ 0.2  0.1 -0.7]
 [-0.2  0.4  0.2]
 [ 0.2 -0.4  0.8]]
b
 [[4 2 3]
 [2 3 1]
 [0 1 1]]
------------------

[0;31m---------------------------------------------------------------------------[0m
[0;31mAttributeError[0m                            Traceback (most recent call last)
[0;32m<ipython-input-4-f84ef72b4ffd>[0m in [0;36m<cell line: 7>[0;34m()[0m
[1;32m      5[0m [0mprint[0m[0;34m([0m[0;34m"a \n"[0m[0;34m,[0m[0mA[0m[0;34m)[0m[0;34m[0m[0;34m[0m[0m
[1;32m      6[0m [0mprint[0m[0;34m([0m[0;34m"b\n"[0m[0;34m,[0m [0mB[0m[0;34m)[0m[0;34m[0m[0;34m[0m[0m
[0;32m----> 7[0;31m [0mprint[0m[0;34m([0m[0;34m"Matrix E adalah hasil perkalian dari Matrix A dan B \n"[0m[0;34m,[0m [0mE[0m[0;34m.[0m[0marrow[0m[0;34m)[0m[0;34m[0m[0;34m[0m[0m
[0m[1;32m      8[0m [0mprint[0m[0;34m([0m[0;34m"Matrix F adalah hasil perkalian dari Matrix B dan C \n"[0m[0;34m,[0m [0mF[0m[0;34m)[0m[0;34m[0m[0;34m[0m[0m
[1;32m      9[0m [0mprint[0m[0;34m([0m[0;34m"-"[0m[0;34m*[0m[0;36m30[0m[0;34m)[0m[0;34m[0m[0;34m[0m[0m

[0;31mAttributeError[0m: 'numpy.ndarray' object has no attribute 'arrow'

